{"uid":"9e7370f0614ebb63","name":"Unsuccessful Login","fullName":"Login functionality for GuviZenClass portal: Unsuccessful Login","historyId":"07c7955c108e91d7b183d93221352f2c","time":{"start":1753173700821,"stop":1753173719820,"duration":18999},"status":"broken","statusMessage":"Exception: Element not found: ('xpath', \"//input[@id=':r0:']\")\n","statusTrace":"  File \"C:\\Users\\surek\\AppData\\Local\\Programs\\Python\\Python313\\Lib\\site-packages\\behave\\model.py\", line 1329, in run\n    match.run(runner.context)\n    ~~~~~~~~~^^^^^^^^^^^^^^^^\n  File \"C:\\Users\\surek\\AppData\\Local\\Programs\\Python\\Python313\\Lib\\site-packages\\behave\\matchers.py\", line 98, in run\n    self.func(context, *args, **kwargs)\n    ~~~~~~~~~^^^^^^^^^^^^^^^^^^^^^^^^^^\n  File \"features\\steps\\login_steps.py\", line 25, in step_invalid_login\n    context.login_page.enter_username(\"invalid@example.com\")\n    ~~~~~~~~~~~~~~~~~~~~~~~~~~~~~~~~~^^^^^^^^^^^^^^^^^^^^^^^\n  File \"C:\\Users\\surek\\OneDrive\\Desktop\\task18\\features\\pages\\login_page.py\", line 14, in enter_username\n    self.enter_text(self.USERNAME_INPUT, username)\n    ~~~~~~~~~~~~~~~^^^^^^^^^^^^^^^^^^^^^^^^^^^^^^^\n  File \"C:\\Users\\surek\\OneDrive\\Desktop\\task18\\features\\pages\\base_page.py\", line 27, in enter_text\n    element = self.wait_for_element(locator)\n  File \"C:\\Users\\surek\\OneDrive\\Desktop\\task18\\features\\pages\\base_page.py\", line 15, in wait_for_element\n    raise Exception(f\"Element not found: {locator}\")\n","flaky":false,"newFailed":false,"newBroken":false,"newPassed":false,"retriesCount":0,"retriesStatusChange":false,"beforeStages":[],"testStage":{"status":"broken","statusMessage":"Exception: Element not found: ('xpath', \"//input[@id=':r0:']\")\n","statusTrace":"  File \"C:\\Users\\surek\\AppData\\Local\\Programs\\Python\\Python313\\Lib\\site-packages\\behave\\model.py\", line 1329, in run\n    match.run(runner.context)\n    ~~~~~~~~~^^^^^^^^^^^^^^^^\n  File \"C:\\Users\\surek\\AppData\\Local\\Programs\\Python\\Python313\\Lib\\site-packages\\behave\\matchers.py\", line 98, in run\n    self.func(context, *args, **kwargs)\n    ~~~~~~~~~^^^^^^^^^^^^^^^^^^^^^^^^^^\n  File \"features\\steps\\login_steps.py\", line 25, in step_invalid_login\n    context.login_page.enter_username(\"invalid@example.com\")\n    ~~~~~~~~~~~~~~~~~~~~~~~~~~~~~~~~~^^^^^^^^^^^^^^^^^^^^^^^\n  File \"C:\\Users\\surek\\OneDrive\\Desktop\\task18\\features\\pages\\login_page.py\", line 14, in enter_username\n    self.enter_text(self.USERNAME_INPUT, username)\n    ~~~~~~~~~~~~~~~^^^^^^^^^^^^^^^^^^^^^^^^^^^^^^^\n  File \"C:\\Users\\surek\\OneDrive\\Desktop\\task18\\features\\pages\\base_page.py\", line 27, in enter_text\n    element = self.wait_for_element(locator)\n  File \"C:\\Users\\surek\\OneDrive\\Desktop\\task18\\features\\pages\\base_page.py\", line 15, in wait_for_element\n    raise Exception(f\"Element not found: {locator}\")\n","steps":[{"name":"Given I open the login page","time":{"start":1753173704317,"stop":1753173707176,"duration":2859},"status":"passed","steps":[],"attachments":[],"parameters":[],"hasContent":false,"attachmentsCount":0,"attachmentStep":false,"shouldDisplayMessage":false,"stepsCount":0},{"name":"When I enter invalid credentials","time":{"start":1753173707177,"stop":1753173717213,"duration":10036},"status":"broken","statusMessage":"Exception: Element not found: ('xpath', \"//input[@id=':r0:']\")\n","statusTrace":"  File \"C:\\Users\\surek\\AppData\\Local\\Programs\\Python\\Python313\\Lib\\site-packages\\behave\\model.py\", line 1329, in run\n    match.run(runner.context)\n    ~~~~~~~~~^^^^^^^^^^^^^^^^\n  File \"C:\\Users\\surek\\AppData\\Local\\Programs\\Python\\Python313\\Lib\\site-packages\\behave\\matchers.py\", line 98, in run\n    self.func(context, *args, **kwargs)\n    ~~~~~~~~~^^^^^^^^^^^^^^^^^^^^^^^^^^\n  File \"features\\steps\\login_steps.py\", line 25, in step_invalid_login\n    context.login_page.enter_username(\"invalid@example.com\")\n    ~~~~~~~~~~~~~~~~~~~~~~~~~~~~~~~~~^^^^^^^^^^^^^^^^^^^^^^^\n  File \"C:\\Users\\surek\\OneDrive\\Desktop\\task18\\features\\pages\\login_page.py\", line 14, in enter_username\n    self.enter_text(self.USERNAME_INPUT, username)\n    ~~~~~~~~~~~~~~~^^^^^^^^^^^^^^^^^^^^^^^^^^^^^^^\n  File \"C:\\Users\\surek\\OneDrive\\Desktop\\task18\\features\\pages\\base_page.py\", line 27, in enter_text\n    element = self.wait_for_element(locator)\n  File \"C:\\Users\\surek\\OneDrive\\Desktop\\task18\\features\\pages\\base_page.py\", line 15, in wait_for_element\n    raise Exception(f\"Element not found: {locator}\")\n","steps":[],"attachments":[],"parameters":[],"hasContent":true,"attachmentsCount":0,"attachmentStep":false,"shouldDisplayMessage":true,"stepsCount":0},{"name":"And I click the login button","time":{"start":1753173719820,"stop":1753173719820,"duration":0},"status":"skipped","steps":[],"attachments":[],"parameters":[],"hasContent":false,"attachmentsCount":0,"attachmentStep":false,"shouldDisplayMessage":false,"stepsCount":0},{"name":"Then I should see an error message","time":{"start":1753173719820,"stop":1753173719820,"duration":0},"status":"skipped","steps":[],"attachments":[],"parameters":[],"hasContent":false,"attachmentsCount":0,"attachmentStep":false,"shouldDisplayMessage":false,"stepsCount":0}],"attachments":[],"parameters":[],"hasContent":true,"attachmentsCount":0,"attachmentStep":false,"shouldDisplayMessage":false,"stepsCount":4},"afterStages":[],"labels":[{"name":"severity","value":"normal"},{"name":"feature","value":"Login functionality for GuviZenClass portal"},{"name":"framework","value":"behave"},{"name":"language","value":"cpython3"},{"name":"resultFormat","value":"allure2"}],"parameters":[],"links":[],"hidden":true,"retry":true,"extra":{"categories":[],"tags":[]},"source":"9e7370f0614ebb63.json","parameterValues":[]}