{"uid":"b8735d1867013f30","name":"Validate Username and Password fields","fullName":"Login functionality for GuviZenClass portal: Validate Username and Password fields","historyId":"e2a57c0dd82ed7736c83885d4d593375","time":{"start":1753526444903,"stop":1753526465179,"duration":20276},"status":"broken","statusMessage":"Exception: Element not found: ('xpath', \"//input[@id=':r0:']\")\n","statusTrace":"  File \"C:\\Users\\surek\\AppData\\Local\\Programs\\Python\\Python313\\Lib\\site-packages\\behave\\model.py\", line 1329, in run\n    match.run(runner.context)\n    ~~~~~~~~~^^^^^^^^^^^^^^^^\n  File \"C:\\Users\\surek\\AppData\\Local\\Programs\\Python\\Python313\\Lib\\site-packages\\behave\\matchers.py\", line 98, in run\n    self.func(context, *args, **kwargs)\n    ~~~~~~~~~^^^^^^^^^^^^^^^^^^^^^^^^^^\n  File \"features\\steps\\login_steps.py\", line 89, in step_fields\n    assert context.login_page.is_username_visible()\n           ~~~~~~~~~~~~~~~~~~~~~~~~~~~~~~~~~~~~~~^^\n  File \"C:\\Users\\surek\\OneDrive\\Desktop\\task18\\features\\pages\\login_page.py\", line 47, in is_username_visible\n    return self.wait_for_element(self.USERNAME_INPUT).is_displayed()\n           ~~~~~~~~~~~~~~~~~~~~~^^^^^^^^^^^^^^^^^^^^^\n  File \"C:\\Users\\surek\\OneDrive\\Desktop\\task18\\features\\pages\\base_page.py\", line 24, in wait_for_element\n    raise Exception(f\"Element not found: {locator}\")\n","flaky":false,"newFailed":false,"newBroken":false,"newPassed":false,"retriesCount":0,"retriesStatusChange":false,"beforeStages":[],"testStage":{"status":"broken","statusMessage":"Exception: Element not found: ('xpath', \"//input[@id=':r0:']\")\n","statusTrace":"  File \"C:\\Users\\surek\\AppData\\Local\\Programs\\Python\\Python313\\Lib\\site-packages\\behave\\model.py\", line 1329, in run\n    match.run(runner.context)\n    ~~~~~~~~~^^^^^^^^^^^^^^^^\n  File \"C:\\Users\\surek\\AppData\\Local\\Programs\\Python\\Python313\\Lib\\site-packages\\behave\\matchers.py\", line 98, in run\n    self.func(context, *args, **kwargs)\n    ~~~~~~~~~^^^^^^^^^^^^^^^^^^^^^^^^^^\n  File \"features\\steps\\login_steps.py\", line 89, in step_fields\n    assert context.login_page.is_username_visible()\n           ~~~~~~~~~~~~~~~~~~~~~~~~~~~~~~~~~~~~~~^^\n  File \"C:\\Users\\surek\\OneDrive\\Desktop\\task18\\features\\pages\\login_page.py\", line 47, in is_username_visible\n    return self.wait_for_element(self.USERNAME_INPUT).is_displayed()\n           ~~~~~~~~~~~~~~~~~~~~~^^^^^^^^^^^^^^^^^^^^^\n  File \"C:\\Users\\surek\\OneDrive\\Desktop\\task18\\features\\pages\\base_page.py\", line 24, in wait_for_element\n    raise Exception(f\"Element not found: {locator}\")\n","steps":[{"name":"Given I open the login page","time":{"start":1753526448329,"stop":1753526452897,"duration":4568},"status":"passed","steps":[],"attachments":[],"parameters":[],"hasContent":false,"attachmentsCount":0,"attachmentStep":false,"shouldDisplayMessage":false,"stepsCount":0},{"name":"Then I should see username and password input fields","time":{"start":1753526452898,"stop":1753526462936,"duration":10038},"status":"broken","statusMessage":"Exception: Element not found: ('xpath', \"//input[@id=':r0:']\")\n","statusTrace":"  File \"C:\\Users\\surek\\AppData\\Local\\Programs\\Python\\Python313\\Lib\\site-packages\\behave\\model.py\", line 1329, in run\n    match.run(runner.context)\n    ~~~~~~~~~^^^^^^^^^^^^^^^^\n  File \"C:\\Users\\surek\\AppData\\Local\\Programs\\Python\\Python313\\Lib\\site-packages\\behave\\matchers.py\", line 98, in run\n    self.func(context, *args, **kwargs)\n    ~~~~~~~~~^^^^^^^^^^^^^^^^^^^^^^^^^^\n  File \"features\\steps\\login_steps.py\", line 89, in step_fields\n    assert context.login_page.is_username_visible()\n           ~~~~~~~~~~~~~~~~~~~~~~~~~~~~~~~~~~~~~~^^\n  File \"C:\\Users\\surek\\OneDrive\\Desktop\\task18\\features\\pages\\login_page.py\", line 47, in is_username_visible\n    return self.wait_for_element(self.USERNAME_INPUT).is_displayed()\n           ~~~~~~~~~~~~~~~~~~~~~^^^^^^^^^^^^^^^^^^^^^\n  File \"C:\\Users\\surek\\OneDrive\\Desktop\\task18\\features\\pages\\base_page.py\", line 24, in wait_for_element\n    raise Exception(f\"Element not found: {locator}\")\n","steps":[],"attachments":[],"parameters":[],"hasContent":true,"attachmentsCount":0,"attachmentStep":false,"shouldDisplayMessage":true,"stepsCount":0}],"attachments":[],"parameters":[],"hasContent":true,"attachmentsCount":0,"attachmentStep":false,"shouldDisplayMessage":false,"stepsCount":2},"afterStages":[],"labels":[{"name":"severity","value":"normal"},{"name":"feature","value":"Login functionality for GuviZenClass portal"},{"name":"framework","value":"behave"},{"name":"language","value":"cpython3"},{"name":"resultFormat","value":"allure2"}],"parameters":[],"links":[],"hidden":true,"retry":true,"extra":{"categories":[],"tags":[]},"source":"b8735d1867013f30.json","parameterValues":[]}