{"uid":"bef382fedc66d1c8","name":"Successful Login","fullName":"Login functionality for GuviZenClass portal: Successful Login","historyId":"c6e95ed0e0710f82383b7851c7f854d6","time":{"start":1753527342704,"stop":1753527362488,"duration":19784},"status":"broken","statusMessage":"Exception: Element not found: ('xpath', \"//input[@id=':r0:']\")\n","statusTrace":"  File \"C:\\Users\\surek\\AppData\\Local\\Programs\\Python\\Python313\\Lib\\site-packages\\behave\\model.py\", line 1329, in run\n    match.run(runner.context)\n    ~~~~~~~~~^^^^^^^^^^^^^^^^\n  File \"C:\\Users\\surek\\AppData\\Local\\Programs\\Python\\Python313\\Lib\\site-packages\\behave\\matchers.py\", line 98, in run\n    self.func(context, *args, **kwargs)\n    ~~~~~~~~~^^^^^^^^^^^^^^^^^^^^^^^^^^\n  File \"features\\steps\\login_steps.py\", line 40, in step_valid_login\n    context.login_page.enter_username(username)\n    ~~~~~~~~~~~~~~~~~~~~~~~~~~~~~~~~~^^^^^^^^^^\n  File \"C:\\Users\\surek\\OneDrive\\Desktop\\task18\\features\\pages\\login_page.py\", line 25, in enter_username\n    self.enter_text(self.USERNAME_INPUT, username)\n    ~~~~~~~~~~~~~~~^^^^^^^^^^^^^^^^^^^^^^^^^^^^^^^\n  File \"C:\\Users\\surek\\OneDrive\\Desktop\\task18\\features\\pages\\base_page.py\", line 42, in enter_text\n    element = self.wait_for_element(locator)\n  File \"C:\\Users\\surek\\OneDrive\\Desktop\\task18\\features\\pages\\base_page.py\", line 24, in wait_for_element\n    raise Exception(f\"Element not found: {locator}\")\n","flaky":false,"newFailed":false,"newBroken":false,"newPassed":false,"retriesCount":0,"retriesStatusChange":false,"beforeStages":[],"testStage":{"status":"broken","statusMessage":"Exception: Element not found: ('xpath', \"//input[@id=':r0:']\")\n","statusTrace":"  File \"C:\\Users\\surek\\AppData\\Local\\Programs\\Python\\Python313\\Lib\\site-packages\\behave\\model.py\", line 1329, in run\n    match.run(runner.context)\n    ~~~~~~~~~^^^^^^^^^^^^^^^^\n  File \"C:\\Users\\surek\\AppData\\Local\\Programs\\Python\\Python313\\Lib\\site-packages\\behave\\matchers.py\", line 98, in run\n    self.func(context, *args, **kwargs)\n    ~~~~~~~~~^^^^^^^^^^^^^^^^^^^^^^^^^^\n  File \"features\\steps\\login_steps.py\", line 40, in step_valid_login\n    context.login_page.enter_username(username)\n    ~~~~~~~~~~~~~~~~~~~~~~~~~~~~~~~~~^^^^^^^^^^\n  File \"C:\\Users\\surek\\OneDrive\\Desktop\\task18\\features\\pages\\login_page.py\", line 25, in enter_username\n    self.enter_text(self.USERNAME_INPUT, username)\n    ~~~~~~~~~~~~~~~^^^^^^^^^^^^^^^^^^^^^^^^^^^^^^^\n  File \"C:\\Users\\surek\\OneDrive\\Desktop\\task18\\features\\pages\\base_page.py\", line 42, in enter_text\n    element = self.wait_for_element(locator)\n  File \"C:\\Users\\surek\\OneDrive\\Desktop\\task18\\features\\pages\\base_page.py\", line 24, in wait_for_element\n    raise Exception(f\"Element not found: {locator}\")\n","steps":[{"name":"Given I open the login page","time":{"start":1753527346155,"stop":1753527350145,"duration":3990},"status":"passed","steps":[],"attachments":[],"parameters":[],"hasContent":false,"attachmentsCount":0,"attachmentStep":false,"shouldDisplayMessage":false,"stepsCount":0},{"name":"When I enter valid credentials","time":{"start":1753527350146,"stop":1753527360223,"duration":10077},"status":"broken","statusMessage":"Exception: Element not found: ('xpath', \"//input[@id=':r0:']\")\n","statusTrace":"  File \"C:\\Users\\surek\\AppData\\Local\\Programs\\Python\\Python313\\Lib\\site-packages\\behave\\model.py\", line 1329, in run\n    match.run(runner.context)\n    ~~~~~~~~~^^^^^^^^^^^^^^^^\n  File \"C:\\Users\\surek\\AppData\\Local\\Programs\\Python\\Python313\\Lib\\site-packages\\behave\\matchers.py\", line 98, in run\n    self.func(context, *args, **kwargs)\n    ~~~~~~~~~^^^^^^^^^^^^^^^^^^^^^^^^^^\n  File \"features\\steps\\login_steps.py\", line 40, in step_valid_login\n    context.login_page.enter_username(username)\n    ~~~~~~~~~~~~~~~~~~~~~~~~~~~~~~~~~^^^^^^^^^^\n  File \"C:\\Users\\surek\\OneDrive\\Desktop\\task18\\features\\pages\\login_page.py\", line 25, in enter_username\n    self.enter_text(self.USERNAME_INPUT, username)\n    ~~~~~~~~~~~~~~~^^^^^^^^^^^^^^^^^^^^^^^^^^^^^^^\n  File \"C:\\Users\\surek\\OneDrive\\Desktop\\task18\\features\\pages\\base_page.py\", line 42, in enter_text\n    element = self.wait_for_element(locator)\n  File \"C:\\Users\\surek\\OneDrive\\Desktop\\task18\\features\\pages\\base_page.py\", line 24, in wait_for_element\n    raise Exception(f\"Element not found: {locator}\")\n","steps":[],"attachments":[],"parameters":[],"hasContent":true,"attachmentsCount":0,"attachmentStep":false,"shouldDisplayMessage":true,"stepsCount":0},{"name":"And I click the login button","time":{"start":1753527362488,"stop":1753527362488,"duration":0},"status":"skipped","steps":[],"attachments":[],"parameters":[],"hasContent":false,"attachmentsCount":0,"attachmentStep":false,"shouldDisplayMessage":false,"stepsCount":0},{"name":"Then I should be redirected to the dashboard","time":{"start":1753527362488,"stop":1753527362488,"duration":0},"status":"skipped","steps":[],"attachments":[],"parameters":[],"hasContent":false,"attachmentsCount":0,"attachmentStep":false,"shouldDisplayMessage":false,"stepsCount":0}],"attachments":[],"parameters":[],"hasContent":true,"attachmentsCount":0,"attachmentStep":false,"shouldDisplayMessage":false,"stepsCount":4},"afterStages":[],"labels":[{"name":"severity","value":"normal"},{"name":"feature","value":"Login functionality for GuviZenClass portal"},{"name":"framework","value":"behave"},{"name":"language","value":"cpython3"},{"name":"resultFormat","value":"allure2"}],"parameters":[],"links":[],"hidden":true,"retry":true,"extra":{"categories":[],"tags":[]},"source":"bef382fedc66d1c8.json","parameterValues":[]}