{"uid":"d1dec067a94df5cc","name":"Validate Logout Button Functionality","fullName":"Login functionality for GuviZenClass portal: Validate Logout Button Functionality","historyId":"f4d972a4e6a20ceddb5c749f712858e8","time":{"start":1753509619777,"stop":1753509637935,"duration":18158},"status":"broken","statusMessage":"Exception: Element not found: ('xpath', \"//input[@id=':r0:']\")\n","statusTrace":"  File \"C:\\Users\\surek\\AppData\\Local\\Programs\\Python\\Python313\\Lib\\site-packages\\behave\\model.py\", line 1329, in run\n    match.run(runner.context)\n    ~~~~~~~~~^^^^^^^^^^^^^^^^\n  File \"C:\\Users\\surek\\AppData\\Local\\Programs\\Python\\Python313\\Lib\\site-packages\\behave\\matchers.py\", line 98, in run\n    self.func(context, *args, **kwargs)\n    ~~~~~~~~~^^^^^^^^^^^^^^^^^^^^^^^^^^\n  File \"features\\steps\\login_steps.py\", line 69, in step_logged_in\n    step_valid_login(context)\n    ~~~~~~~~~~~~~~~~^^^^^^^^^\n  File \"features\\steps\\login_steps.py\", line 22, in step_valid_login\n    context.login_page.enter_username(username)\n    ~~~~~~~~~~~~~~~~~~~~~~~~~~~~~~~~~^^^^^^^^^^\n  File \"C:\\Users\\surek\\OneDrive\\Desktop\\task18\\features\\pages\\login_page.py\", line 16, in enter_username\n    self.enter_text(self.USERNAME_INPUT, username)\n    ~~~~~~~~~~~~~~~^^^^^^^^^^^^^^^^^^^^^^^^^^^^^^^\n  File \"C:\\Users\\surek\\OneDrive\\Desktop\\task18\\features\\pages\\base_page.py\", line 30, in enter_text\n    element = self.wait_for_element(locator)\n  File \"C:\\Users\\surek\\OneDrive\\Desktop\\task18\\features\\pages\\base_page.py\", line 15, in wait_for_element\n    raise Exception(f\"Element not found: {locator}\")\n","flaky":false,"newFailed":false,"newBroken":false,"newPassed":false,"retriesCount":0,"retriesStatusChange":false,"beforeStages":[],"testStage":{"status":"broken","statusMessage":"Exception: Element not found: ('xpath', \"//input[@id=':r0:']\")\n","statusTrace":"  File \"C:\\Users\\surek\\AppData\\Local\\Programs\\Python\\Python313\\Lib\\site-packages\\behave\\model.py\", line 1329, in run\n    match.run(runner.context)\n    ~~~~~~~~~^^^^^^^^^^^^^^^^\n  File \"C:\\Users\\surek\\AppData\\Local\\Programs\\Python\\Python313\\Lib\\site-packages\\behave\\matchers.py\", line 98, in run\n    self.func(context, *args, **kwargs)\n    ~~~~~~~~~^^^^^^^^^^^^^^^^^^^^^^^^^^\n  File \"features\\steps\\login_steps.py\", line 69, in step_logged_in\n    step_valid_login(context)\n    ~~~~~~~~~~~~~~~~^^^^^^^^^\n  File \"features\\steps\\login_steps.py\", line 22, in step_valid_login\n    context.login_page.enter_username(username)\n    ~~~~~~~~~~~~~~~~~~~~~~~~~~~~~~~~~^^^^^^^^^^\n  File \"C:\\Users\\surek\\OneDrive\\Desktop\\task18\\features\\pages\\login_page.py\", line 16, in enter_username\n    self.enter_text(self.USERNAME_INPUT, username)\n    ~~~~~~~~~~~~~~~^^^^^^^^^^^^^^^^^^^^^^^^^^^^^^^\n  File \"C:\\Users\\surek\\OneDrive\\Desktop\\task18\\features\\pages\\base_page.py\", line 30, in enter_text\n    element = self.wait_for_element(locator)\n  File \"C:\\Users\\surek\\OneDrive\\Desktop\\task18\\features\\pages\\base_page.py\", line 15, in wait_for_element\n    raise Exception(f\"Element not found: {locator}\")\n","steps":[{"name":"Given I am logged in with valid credentials","time":{"start":1753509623221,"stop":1753509635164,"duration":11943},"status":"broken","statusMessage":"Exception: Element not found: ('xpath', \"//input[@id=':r0:']\")\n","statusTrace":"  File \"C:\\Users\\surek\\AppData\\Local\\Programs\\Python\\Python313\\Lib\\site-packages\\behave\\model.py\", line 1329, in run\n    match.run(runner.context)\n    ~~~~~~~~~^^^^^^^^^^^^^^^^\n  File \"C:\\Users\\surek\\AppData\\Local\\Programs\\Python\\Python313\\Lib\\site-packages\\behave\\matchers.py\", line 98, in run\n    self.func(context, *args, **kwargs)\n    ~~~~~~~~~^^^^^^^^^^^^^^^^^^^^^^^^^^\n  File \"features\\steps\\login_steps.py\", line 69, in step_logged_in\n    step_valid_login(context)\n    ~~~~~~~~~~~~~~~~^^^^^^^^^\n  File \"features\\steps\\login_steps.py\", line 22, in step_valid_login\n    context.login_page.enter_username(username)\n    ~~~~~~~~~~~~~~~~~~~~~~~~~~~~~~~~~^^^^^^^^^^\n  File \"C:\\Users\\surek\\OneDrive\\Desktop\\task18\\features\\pages\\login_page.py\", line 16, in enter_username\n    self.enter_text(self.USERNAME_INPUT, username)\n    ~~~~~~~~~~~~~~~^^^^^^^^^^^^^^^^^^^^^^^^^^^^^^^\n  File \"C:\\Users\\surek\\OneDrive\\Desktop\\task18\\features\\pages\\base_page.py\", line 30, in enter_text\n    element = self.wait_for_element(locator)\n  File \"C:\\Users\\surek\\OneDrive\\Desktop\\task18\\features\\pages\\base_page.py\", line 15, in wait_for_element\n    raise Exception(f\"Element not found: {locator}\")\n","steps":[],"attachments":[],"parameters":[],"hasContent":true,"attachmentsCount":0,"attachmentStep":false,"shouldDisplayMessage":true,"stepsCount":0},{"name":"When I click the logout button","time":{"start":1753509637935,"stop":1753509637935,"duration":0},"status":"skipped","steps":[],"attachments":[],"parameters":[],"hasContent":false,"attachmentsCount":0,"attachmentStep":false,"shouldDisplayMessage":false,"stepsCount":0},{"name":"Then I should be redirected to the login page","time":{"start":1753509637935,"stop":1753509637935,"duration":0},"status":"skipped","steps":[],"attachments":[],"parameters":[],"hasContent":false,"attachmentsCount":0,"attachmentStep":false,"shouldDisplayMessage":false,"stepsCount":0}],"attachments":[],"parameters":[],"hasContent":true,"attachmentsCount":0,"attachmentStep":false,"shouldDisplayMessage":false,"stepsCount":3},"afterStages":[],"labels":[{"name":"severity","value":"normal"},{"name":"feature","value":"Login functionality for GuviZenClass portal"},{"name":"framework","value":"behave"},{"name":"language","value":"cpython3"},{"name":"resultFormat","value":"allure2"}],"parameters":[],"links":[],"hidden":true,"retry":true,"extra":{"categories":[],"tags":[]},"source":"d1dec067a94df5cc.json","parameterValues":[]}